# JRE version: Java(TM) SE Runtime Environment (23.0+37) (build 23+37-2369)
# Java VM: Java HotSpot(TM) 64-Bit Server VM (23+37-2369, mixed mode, sharing, tiered, compressed oops, compressed class ptrs, g1 gc, windows-amd64)
GC Precious Log:
 CardTable entry size: 512
 Card Set container configuration: InlinePtr #cards 4 size 8 Array Of Cards #cards 16 size 48 Howl #buckets 8 coarsen threshold 3686 Howl Bitmap #cards 512 size 80 coarsen threshold 460 Card regions per heap region 1 cards per card region 4096
 CPUs: 12 total, 12 available
 Memory: 15710M
 Large Page Support: Disabled
 NUMA Support: Disabled
 Compressed Oops: Enabled (Zero based)
 Heap Region Size: 2M
 Heap Min Capacity: 8M
 Heap Initial Capacity: 246M
 Heap Max Capacity: 3928M
 Pre-touch: Disabled
 Parallel Workers: 10
 Concurrent Workers: 3
 Concurrent Refinement Workers: 10
 Periodic GC: Disabled
Heap:
 garbage-first heap   total reserved 4022272K, committed 40960K, used 19799K [0x000000070a800000, 0x0000000800000000)
  region size 2048K, 3 young (6144K), 1 survivors (2048K)
 Metaspace       used 44363K, committed 44992K, reserved 1114112K
  class space    used 5289K, committed 5568K, reserved 1048576K
GC Heap History (20 events):
Event: 17387.234 GC heap before
{Heap before GC invocations=40 (full 0):
 garbage-first heap   total reserved 4022272K, committed 40960K, used 34281K [0x000000070a800000, 0x0000000800000000)
  region size 2048K, 9 young (18432K), 1 survivors (2048K)
 Metaspace       used 44263K, committed 44928K, reserved 1114112K
  class space    used 5280K, committed 5568K, reserved 1048576K
}
Event: 17387.236 GC heap after
{Heap after GC invocations=41 (full 0):
 garbage-first heap   total reserved 4022272K, committed 40960K, used 17817K [0x000000070a800000, 0x0000000800000000)
  region size 2048K, 1 young (2048K), 1 survivors (2048K)
 Metaspace       used 44263K, committed 44928K, reserved 1114112K
  class space    used 5280K, committed 5568K, reserved 1048576K
}
Event: 17856.641 GC heap before
{Heap before GC invocations=41 (full 0):
 garbage-first heap   total reserved 4022272K, committed 40960K, used 34201K [0x000000070a800000, 0x0000000800000000)
  region size 2048K, 9 young (18432K), 1 survivors (2048K)
 Metaspace       used 44263K, committed 44928K, reserved 1114112K
  class space    used 5280K, committed 5568K, reserved 1048576K
}
Event: 17856.643 GC heap after
{Heap after GC invocations=42 (full 0):
 garbage-first heap   total reserved 4022272K, committed 40960K, used 17771K [0x000000070a800000, 0x0000000800000000)
  region size 2048K, 1 young (2048K), 1 survivors (2048K)
 Metaspace       used 44263K, committed 44928K, reserved 1114112K
  class space    used 5280K, committed 5568K, reserved 1048576K
}
Event: 18304.799 GC heap before
{Heap before GC invocations=42 (full 0):
 garbage-first heap   total reserved 4022272K, committed 40960K, used 34155K [0x000000070a800000, 0x0000000800000000)
  region size 2048K, 9 young (18432K), 1 survivors (2048K)
 Metaspace       used 44308K, committed 44928K, reserved 1114112K
  class space    used 5281K, committed 5568K, reserved 1048576K
}
Event: 18304.801 GC heap after
{Heap after GC invocations=43 (full 0):
 garbage-first heap   total reserved 4022272K, committed 40960K, used 17813K [0x000000070a800000, 0x0000000800000000)
  region size 2048K, 1 young (2048K), 1 survivors (2048K)
 Metaspace       used 44308K, committed 44928K, reserved 1114112K
  class space    used 5281K, committed 5568K, reserved 1048576K
}
Event: 18775.215 GC heap before
{Heap before GC invocations=43 (full 0):
 garbage-first heap   total reserved 4022272K, committed 40960K, used 34197K [0x000000070a800000, 0x0000000800000000)
  region size 2048K, 9 young (18432K), 1 survivors (2048K)
 Metaspace       used 44308K, committed 44928K, reserved 1114112K
  class space    used 5281K, committed 5568K, reserved 1048576K
}
Event: 18775.217 GC heap after
{Heap after GC invocations=44 (full 0):
 garbage-first heap   total reserved 4022272K, committed 40960K, used 17784K [0x000000070a800000, 0x0000000800000000)
  region size 2048K, 1 young (2048K), 1 survivors (2048K)
 Metaspace       used 44308K, committed 44928K, reserved 1114112K
  class space    used 5281K, committed 5568K, reserved 1048576K
}
Event: 19243.373 GC heap before
{Heap before GC invocations=44 (full 0):
 garbage-first heap   total reserved 4022272K, committed 40960K, used 34168K [0x000000070a800000, 0x0000000800000000)
  region size 2048K, 9 young (18432K), 1 survivors (2048K)
 Metaspace       used 44310K, committed 44928K, reserved 1114112K
  class space    used 5281K, committed 5568K, reserved 1048576K
}
Event: 19243.375 GC heap after
{Heap after GC invocations=45 (full 0):
 garbage-first heap   total reserved 4022272K, committed 40960K, used 17789K [0x000000070a800000, 0x0000000800000000)
  region size 2048K, 1 young (2048K), 1 survivors (2048K)
 Metaspace       used 44310K, committed 44928K, reserved 1114112K
  class space    used 5281K, committed 5568K, reserved 1048576K
}
Event: 19717.327 GC heap before
{Heap before GC invocations=45 (full 0):
 garbage-first heap   total reserved 4022272K, committed 40960K, used 34173K [0x000000070a800000, 0x0000000800000000)
  region size 2048K, 9 young (18432K), 1 survivors (2048K)
 Metaspace       used 44310K, committed 44928K, reserved 1114112K
  class space    used 5281K, committed 5568K, reserved 1048576K
}
Event: 19717.337 GC heap after
{Heap after GC invocations=46 (full 0):
 garbage-first heap   total reserved 4022272K, committed 40960K, used 17780K [0x000000070a800000, 0x0000000800000000)
  region size 2048K, 1 young (2048K), 1 survivors (2048K)
 Metaspace       used 44310K, committed 44928K, reserved 1114112K
  class space    used 5281K, committed 5568K, reserved 1048576K
}
Event: 20189.851 GC heap before
{Heap before GC invocations=46 (full 0):
 garbage-first heap   total reserved 4022272K, committed 40960K, used 34164K [0x000000070a800000, 0x0000000800000000)
  region size 2048K, 9 young (18432K), 1 survivors (2048K)
 Metaspace       used 44310K, committed 44928K, reserved 1114112K
  class space    used 5281K, committed 5568K, reserved 1048576K
}
Event: 20189.854 GC heap after
{Heap after GC invocations=47 (full 0):
 garbage-first heap   total reserved 4022272K, committed 40960K, used 17771K [0x000000070a800000, 0x0000000800000000)
  region size 2048K, 1 young (2048K), 1 survivors (2048K)
 Metaspace       used 44310K, committed 44928K, reserved 1114112K
  class space    used 5281K, committed 5568K, reserved 1048576K
}
Event: 20664.079 GC heap before
{Heap before GC invocations=47 (full 0):
 garbage-first heap   total reserved 4022272K, committed 40960K, used 34155K [0x000000070a800000, 0x0000000800000000)
  region size 2048K, 9 young (18432K), 1 survivors (2048K)
 Metaspace       used 44310K, committed 44928K, reserved 1114112K
  class space    used 5281K, committed 5568K, reserved 1048576K
}
Event: 20664.089 GC heap after
{Heap after GC invocations=48 (full 0):
 garbage-first heap   total reserved 4022272K, committed 40960K, used 17779K [0x000000070a800000, 0x0000000800000000)
  region size 2048K, 1 young (2048K), 1 survivors (2048K)
 Metaspace       used 44310K, committed 44928K, reserved 1114112K
  class space    used 5281K, committed 5568K, reserved 1048576K
}
Event: 21136.283 GC heap before
{Heap before GC invocations=48 (full 0):
 garbage-first heap   total reserved 4022272K, committed 40960K, used 34163K [0x000000070a800000, 0x0000000800000000)
  region size 2048K, 9 young (18432K), 1 survivors (2048K)
 Metaspace       used 44310K, committed 44928K, reserved 1114112K
  class space    used 5281K, committed 5568K, reserved 1048576K
}
Event: 21136.288 GC heap after
{Heap after GC invocations=49 (full 0):
 garbage-first heap   total reserved 4022272K, committed 40960K, used 17737K [0x000000070a800000, 0x0000000800000000)
  region size 2048K, 1 young (2048K), 1 survivors (2048K)
 Metaspace       used 44310K, committed 44928K, reserved 1114112K
  class space    used 5281K, committed 5568K, reserved 1048576K
}
Event: 21608.345 GC heap before
{Heap before GC invocations=49 (full 0):
 garbage-first heap   total reserved 4022272K, committed 40960K, used 34121K [0x000000070a800000, 0x0000000800000000)
  region size 2048K, 9 young (18432K), 1 survivors (2048K)
 Metaspace       used 44310K, committed 44928K, reserved 1114112K
  class space    used 5281K, committed 5568K, reserved 1048576K
}
Event: 21608.356 GC heap after
{Heap after GC invocations=50 (full 0):
 garbage-first heap   total reserved 4022272K, committed 40960K, used 17751K [0x000000070a800000, 0x0000000800000000)
  region size 2048K, 1 young (2048K), 1 survivors (2048K)
 Metaspace       used 44310K, committed 44928K, reserved 1114112K
  class space    used 5281K, committed 5568K, reserved 1048576K
}

